<?xml version="1.0" encoding="UTF-8"?>
<!-- Generated by org.testng.reporters.JUnitReportReporter -->
<testsuite skipped="1" hostname="AA-PC" name="framework.Testng.DP.InputData" tests="4" failures="0" timestamp="2020-02-04T19:05:35 IST" time="0.000" errors="0">
  <testcase name="Verify_Product_Prices" time="0.000" classname="framework.Testng.DP.InputData"/>
  <testcase name="Verify_Product_Prices" time="0.000" classname="framework.Testng.DP.InputData"/>
  <testcase name="Verify_Product_Prices" time="0.000" classname="framework.Testng.DP.InputData"/>
  <testcase name="Verify_user_login" classname="framework.Testng.DP.InputData">
    <skipped/>
  </testcase> <!-- Verify_user_login -->
</testsuite> <!-- framework.Testng.DP.InputData -->
