<?xml version="1.0" encoding="UTF-8"?>
<!-- Generated by org.testng.reporters.JUnitReportReporter -->
<testsuite skipped="0" hostname="AA-PC" name="framework.Testng.BeforeClass_And_AfterClass" tests="2" failures="0" timestamp="2020-01-31T20:00:49 IST" time="0.000" errors="0">
  <testcase name="tc002" time="0.000" classname="framework.Testng.BeforeClass_And_AfterClass"/>
  <testcase name="tc001" time="0.000" classname="framework.Testng.BeforeClass_And_AfterClass"/>
</testsuite> <!-- framework.Testng.BeforeClass_And_AfterClass -->
