<?xml version="1.0" encoding="UTF-8"?>
<!-- Generated by org.testng.reporters.JUnitReportReporter -->
<testsuite skipped="0" hostname="AA-PC" name="method_parameters.Run_Repository_Using_Testng" tests="1" failures="0" timestamp="2020-02-05T19:35:00 IST" time="0.377" errors="0">
  <testcase name="TextEntry_with_Xpath" time="0.377" classname="method_parameters.Run_Repository_Using_Testng"/>
</testsuite> <!-- method_parameters.Run_Repository_Using_Testng -->
