<?xml version="1.0" encoding="UTF-8"?>
<!-- Generated by org.testng.reporters.JUnitReportReporter -->
<testsuite skipped="0" hostname="AA-PC" name="framework.Testng.Extent_Reports.Test_With_Reports" tests="2" failures="0" timestamp="2020-02-04T20:06:44 IST" time="0.016" errors="0">
  <testcase name="User_login" time="0.016" classname="framework.Testng.Extent_Reports.Test_With_Reports"/>
  <testcase name="User_reg" time="0.000" classname="framework.Testng.Extent_Reports.Test_With_Reports"/>
</testsuite> <!-- framework.Testng.Extent_Reports.Test_With_Reports -->
