<?xml version="1.0" encoding="UTF-8"?>
<!-- Generated by org.testng.reporters.JUnitReportReporter -->
<testsuite skipped="0" hostname="AA-PC" name="framework.Testng.Groups.TestSuite2" tests="2" failures="0" timestamp="2020-02-01T18:49:35 IST" time="0.000" errors="0">
  <testcase name="tc006" time="0.000" classname="framework.Testng.Groups.TestSuite2"/>
  <testcase name="tc004" time="0.000" classname="framework.Testng.Groups.TestSuite2"/>
</testsuite> <!-- framework.Testng.Groups.TestSuite2 -->
