<?xml version="1.0" encoding="UTF-8"?>
<!-- Generated by org.testng.reporters.JUnitReportReporter -->
<testsuite skipped="0" hostname="AA-PC" name="framework.Testng.BeforeTest_and_AfterTest.Test_For_Firefox" tests="1" failures="0" timestamp="2020-02-01T19:01:49 IST" time="0.000" errors="0">
  <testcase name="Logout" time="0.000" classname="framework.Testng.BeforeTest_and_AfterTest.Test_For_Firefox"/>
</testsuite> <!-- framework.Testng.BeforeTest_and_AfterTest.Test_For_Firefox -->
