<?xml version="1.0" encoding="UTF-8"?>
<!-- Generated by org.testng.reporters.JUnitReportReporter -->
<testsuite skipped="0" hostname="AA-PC" name="framework.Testng.MyTestng_Test" tests="3" failures="0" timestamp="2020-01-31T19:57:11 IST" time="0.031" errors="0">
  <testcase name="tc001" time="0.016" classname="framework.Testng.MyTestng_Test"/>
  <testcase name="tc003" time="0.000" classname="framework.Testng.MyTestng_Test"/>
  <testcase name="tc002" time="0.015" classname="framework.Testng.MyTestng_Test"/>
</testsuite> <!-- framework.Testng.MyTestng_Test -->
