<?xml version="1.0" encoding="UTF-8"?>
<!-- Generated by org.testng.reporters.JUnitReportReporter -->
<testsuite skipped="0" hostname="AA-PC" name="framework.Testng.TestSuite.Class1" tests="1" failures="0" timestamp="2020-02-01T18:34:36 IST" time="0.015" errors="0">
  <testcase name="tc002" time="0.015" classname="framework.Testng.TestSuite.Class1"/>
</testsuite> <!-- framework.Testng.TestSuite.Class1 -->
