<?xml version="1.0" encoding="UTF-8"?>
<!-- Generated by org.testng.reporters.JUnitReportReporter -->
<testsuite skipped="0" hostname="AA-PC" name="framework.Testng.DP.Get_Test_Data_Using_Dataprovider_From_Diff_Class" tests="3" failures="0" timestamp="2020-02-04T19:08:40 IST" time="0.031" errors="0">
  <testcase name="Verify_products" time="0.000" classname="framework.Testng.DP.Get_Test_Data_Using_Dataprovider_From_Diff_Class"/>
  <testcase name="Verify_products" time="0.016" classname="framework.Testng.DP.Get_Test_Data_Using_Dataprovider_From_Diff_Class"/>
  <testcase name="Verify_products" time="0.015" classname="framework.Testng.DP.Get_Test_Data_Using_Dataprovider_From_Diff_Class"/>
</testsuite> <!-- framework.Testng.DP.Get_Test_Data_Using_Dataprovider_From_Diff_Class -->
