<?xml version="1.0" encoding="UTF-8"?>
<!-- Generated by org.testng.reporters.JUnitReportReporter -->
<testsuite skipped="0" hostname="AA-PC" name="framework.Testng.BeforeTest_and_AfterTest.Test_for_Chrome" tests="1" failures="0" timestamp="2020-02-01T19:01:49 IST" time="0.002" errors="0">
  <testcase name="login" time="0.002" classname="framework.Testng.BeforeTest_and_AfterTest.Test_for_Chrome"/>
</testsuite> <!-- framework.Testng.BeforeTest_and_AfterTest.Test_for_Chrome -->
