<?xml version="1.0" encoding="UTF-8"?>
<!-- Generated by org.testng.reporters.JUnitReportReporter -->
<testsuite skipped="0" hostname="AA-PC" name="framework.Testng.CrossBrowser.CrossBrowser_Test" tests="8" failures="0" timestamp="2020-02-03T19:37:51 IST" time="111.217" errors="0">
  <testcase name="launchBrowser" time="3.428" classname="framework.Testng.CrossBrowser.CrossBrowser_Test"/>
  <testcase name="launchBrowser" time="6.415" classname="framework.Testng.CrossBrowser.CrossBrowser_Test"/>
  <testcase name="loadApp" time="39.441" classname="framework.Testng.CrossBrowser.CrossBrowser_Test"/>
  <testcase name="loadApp" time="21.174" classname="framework.Testng.CrossBrowser.CrossBrowser_Test"/>
  <testcase name="flight_search" time="12.750" classname="framework.Testng.CrossBrowser.CrossBrowser_Test"/>
  <testcase name="flight_search" time="11.638" classname="framework.Testng.CrossBrowser.CrossBrowser_Test"/>
  <testcase name="closeBrowser" time="10.969" classname="framework.Testng.CrossBrowser.CrossBrowser_Test"/>
  <testcase name="closeBrowser" time="5.402" classname="framework.Testng.CrossBrowser.CrossBrowser_Test"/>
</testsuite> <!-- framework.Testng.CrossBrowser.CrossBrowser_Test -->
