<?xml version="1.0" encoding="UTF-8"?>
<!-- Generated by org.testng.reporters.JUnitReportReporter -->
<testsuite skipped="0" hostname="AA-PC" name="interactions.Keyaboard.MyTestng_Test" tests="3" failures="0" timestamp="2020-01-31T19:50:47 IST" time="0.000" errors="0">
  <testcase name="tc001" time="0.000" classname="interactions.Keyaboard.MyTestng_Test"/>
  <testcase name="tc003" time="0.000" classname="interactions.Keyaboard.MyTestng_Test"/>
  <testcase name="tc002" time="0.000" classname="interactions.Keyaboard.MyTestng_Test"/>
</testsuite> <!-- interactions.Keyaboard.MyTestng_Test -->
