<?xml version="1.0" encoding="UTF-8"?>
<!-- Generated by org.testng.reporters.JUnitReportReporter -->
<testsuite skipped="1" hostname="AA-PC" name="framework.Testng.Method_Ignore" tests="2" failures="0" timestamp="2020-02-01T17:53:02 IST" time="0.017" errors="0">
  <testcase name="f" time="0.017" classname="framework.Testng.Method_Ignore"/>
  <testcase name="x" classname="framework.Testng.Method_Ignore">
    <skipped/>
  </testcase> <!-- x -->
</testsuite> <!-- framework.Testng.Method_Ignore -->
