<?xml version="1.0" encoding="UTF-8"?>
<!-- Generated by org.testng.reporters.JUnitReportReporter -->
<testsuite skipped="0" hostname="AA-PC" name="framework.Testng.BeforeTest_and_AfterTest.TestSuite1" tests="6" failures="0" timestamp="2020-02-01T19:01:49 IST" time="0.014" errors="0">
  <testcase name="tc003" time="0.001" classname="framework.Testng.BeforeTest_and_AfterTest.TestSuite1"/>
  <testcase name="tc003" time="0.002" classname="framework.Testng.BeforeTest_and_AfterTest.TestSuite1"/>
  <testcase name="tc002" time="0.001" classname="framework.Testng.BeforeTest_and_AfterTest.TestSuite1"/>
  <testcase name="tc001" time="0.007" classname="framework.Testng.BeforeTest_and_AfterTest.TestSuite1"/>
  <testcase name="tc002" time="0.002" classname="framework.Testng.BeforeTest_and_AfterTest.TestSuite1"/>
  <testcase name="tc001" time="0.001" classname="framework.Testng.BeforeTest_and_AfterTest.TestSuite1"/>
</testsuite> <!-- framework.Testng.BeforeTest_and_AfterTest.TestSuite1 -->
