<?xml version="1.0" encoding="UTF-8"?>
<!-- Generated by org.testng.reporters.JUnitReportReporter -->
<testsuite skipped="1" hostname="AA-PC" name="framework.Testng.DP.Excel_integration.Excel_DataProvider_Intergration" tests="12" failures="0" timestamp="2020-02-04T19:48:45 IST" time="0.032" errors="0">
  <testcase name="Verify_login_Result" time="0.000" classname="framework.Testng.DP.Excel_integration.Excel_DataProvider_Intergration"/>
  <testcase name="Verify_login_Result" time="0.016" classname="framework.Testng.DP.Excel_integration.Excel_DataProvider_Intergration"/>
  <testcase name="Verify_login_Result" time="0.000" classname="framework.Testng.DP.Excel_integration.Excel_DataProvider_Intergration"/>
  <testcase name="Verify_login_Result" time="0.016" classname="framework.Testng.DP.Excel_integration.Excel_DataProvider_Intergration"/>
  <testcase name="Verify_login_Result" time="0.000" classname="framework.Testng.DP.Excel_integration.Excel_DataProvider_Intergration"/>
  <testcase name="Verify_login_Result" time="0.000" classname="framework.Testng.DP.Excel_integration.Excel_DataProvider_Intergration"/>
  <testcase name="Verify_login_Result" time="0.000" classname="framework.Testng.DP.Excel_integration.Excel_DataProvider_Intergration"/>
  <testcase name="Verify_login_Result" time="0.000" classname="framework.Testng.DP.Excel_integration.Excel_DataProvider_Intergration"/>
  <testcase name="Verify_login_Result" time="0.000" classname="framework.Testng.DP.Excel_integration.Excel_DataProvider_Intergration"/>
  <testcase name="Verify_login_Result" time="0.000" classname="framework.Testng.DP.Excel_integration.Excel_DataProvider_Intergration"/>
  <testcase name="Verify_login_Result" time="0.000" classname="framework.Testng.DP.Excel_integration.Excel_DataProvider_Intergration"/>
  <testcase name="verify_login" classname="framework.Testng.DP.Excel_integration.Excel_DataProvider_Intergration">
    <skipped/>
  </testcase> <!-- verify_login -->
</testsuite> <!-- framework.Testng.DP.Excel_integration.Excel_DataProvider_Intergration -->
