<?xml version="1.0" encoding="UTF-8"?>
<!-- Generated by org.testng.reporters.JUnitReportReporter -->
<testsuite skipped="0" hostname="AA-PC" name="framework.Testng.BeforeMethod_And_AfterMethod" tests="2" failures="0" timestamp="2020-01-31T20:03:46 IST" time="0.016" errors="0">
  <testcase name="tc001" time="0.000" classname="framework.Testng.BeforeMethod_And_AfterMethod"/>
  <testcase name="tc002" time="0.016" classname="framework.Testng.BeforeMethod_And_AfterMethod"/>
</testsuite> <!-- framework.Testng.BeforeMethod_And_AfterMethod -->
