<?xml version="1.0" encoding="UTF-8"?>
<!-- Generated by org.testng.reporters.JUnitReportReporter -->
<testsuite skipped="0" hostname="AA-PC" name="framework.Testng.DP.Application_Data" tests="4" failures="0" timestamp="2020-02-03T19:56:53 IST" time="0.031" errors="0">
  <testcase name="tc001" time="0.000" classname="framework.Testng.DP.Application_Data"/>
  <testcase name="tc001" time="0.016" classname="framework.Testng.DP.Application_Data"/>
  <testcase name="tc001" time="0.015" classname="framework.Testng.DP.Application_Data"/>
  <testcase name="tc001" time="0.000" classname="framework.Testng.DP.Application_Data"/>
</testsuite> <!-- framework.Testng.DP.Application_Data -->
