<?xml version="1.0" encoding="UTF-8"?>
<!-- Generated by org.testng.reporters.JUnitReportReporter -->
<testsuite skipped="0" hostname="AA-PC" name="framework.Testng.Groups.TestSuite1" tests="2" failures="0" timestamp="2020-02-01T18:49:35 IST" time="0.031" errors="0">
  <testcase name="tc003" time="0.016" classname="framework.Testng.Groups.TestSuite1"/>
  <testcase name="tc001" time="0.015" classname="framework.Testng.Groups.TestSuite1"/>
</testsuite> <!-- framework.Testng.Groups.TestSuite1 -->
