<?xml version="1.0" encoding="UTF-8"?>
<!-- Generated by org.testng.reporters.JUnitReportReporter -->
<testsuite skipped="0" hostname="AA-PC" name="method_return_type.Run_Repository" tests="4" failures="0" timestamp="2020-02-06T20:05:06 IST" time="1.175" errors="0">
  <testcase name="Verify_text_visible_At_webpage" time="0.546" classname="method_return_type.Run_Repository"/>
  <testcase name="IsInput_Available_At_Editox" time="0.609" classname="method_return_type.Run_Repository"/>
  <testcase name="Verify_page_Availability_Using_url" time="0.009" classname="method_return_type.Run_Repository"/>
  <testcase name="Verify_page_Availability_Using_Title" time="0.011" classname="method_return_type.Run_Repository"/>
</testsuite> <!-- method_return_type.Run_Repository -->
