<?xml version="1.0" encoding="UTF-8"?>
<!-- Generated by org.testng.reporters.JUnitReportReporter -->
<testsuite skipped="0" hostname="AA-PC" name="framework.Testng.BeforeTest_and_AfterTest.TestSuite2" tests="6" failures="0" timestamp="2020-02-01T19:01:49 IST" time="0.027" errors="0">
  <testcase name="tc005" time="0.000" classname="framework.Testng.BeforeTest_and_AfterTest.TestSuite2"/>
  <testcase name="tc004" time="0.002" classname="framework.Testng.BeforeTest_and_AfterTest.TestSuite2"/>
  <testcase name="tc006" time="0.000" classname="framework.Testng.BeforeTest_and_AfterTest.TestSuite2"/>
  <testcase name="tc006" time="0.008" classname="framework.Testng.BeforeTest_and_AfterTest.TestSuite2"/>
  <testcase name="tc005" time="0.001" classname="framework.Testng.BeforeTest_and_AfterTest.TestSuite2"/>
  <testcase name="tc004" time="0.016" classname="framework.Testng.BeforeTest_and_AfterTest.TestSuite2"/>
</testsuite> <!-- framework.Testng.BeforeTest_and_AfterTest.TestSuite2 -->
